

Started GET "/" for 69.181.65.0 at 2015-10-27 03:28:37 +0000
Processing by WelcomeController#index as HTML
  Rendered welcome/index.html.erb within layouts/application (2.6ms)
Completed 200 OK in 934ms (Views: 916.1ms | ActiveRecord: 0.0ms)


Started GET "/assets/welcome.self-e3b0c44298fc1c149afbf4c8996fb92427ae41e4649b934ca495991b7852b855.css?body=1" for 69.181.65.0 at 2015-10-27 03:28:38 +0000


Started GET "/assets/welcome.self-877aef30ae1b040ab8a3aba4e3e309a11d7f2612f44dde450b5c157aa5f95c05.js?body=1" for 69.181.65.0 at 2015-10-27 03:28:38 +0000


Started GET "/assets/application.self-3b8dabdc891efe46b9a144b400ad69e37d7e5876bdc39dee783419a69d7ca819.js?body=1" for 69.181.65.0 at 2015-10-27 03:28:38 +0000


Started GET "/assets/application.self-e80e8f2318043e8af94dddc2adad5a4f09739a8ebb323b3ab31cd71d45fd9113.css?body=1" for 69.181.65.0 at 2015-10-27 03:28:38 +0000


Started GET "/assets/turbolinks.self-c37727e9bd6b2735da5c311aa83fead54ed0be6cc8bd9a65309e9c5abe2cbfff.js?body=1" for 69.181.65.0 at 2015-10-27 03:28:38 +0000


Started GET "/assets/jquery.self-a714331225dda820228db323939889f149aec0127aeb06255646b616ba1ca419.js?body=1" for 69.181.65.0 at 2015-10-27 03:28:38 +0000


Started GET "/assets/jquery_ujs.self-d456baa54c1fa6be2ec3711f0a72ddf7a5b2f34a6b4f515f33767d6207b7d4b3.js?body=1" for 69.181.65.0 at 2015-10-27 03:28:38 +0000


Started GET "/" for 69.181.65.0 at 2015-10-27 03:30:25 +0000
Processing by WelcomeController#index as HTML
  Rendered welcome/index.html.erb within layouts/application (0.0ms)
Completed 200 OK in 52ms (Views: 50.7ms | ActiveRecord: 0.0ms)


Started GET "/" for 69.181.65.0 at 2015-10-27 03:30:25 +0000
Processing by WelcomeController#index as HTML
  Rendered welcome/index.html.erb within layouts/application (0.0ms)
Completed 200 OK in 61ms (Views: 60.6ms | ActiveRecord: 0.0ms)


Started GET "/" for 49.197.19.146 at 2015-10-27 03:31:42 +0000
Processing by WelcomeController#index as HTML
  Rendered welcome/index.html.erb within layouts/application (0.0ms)
Completed 200 OK in 49ms (Views: 47.5ms | ActiveRecord: 0.0ms)


Started GET "/assets/welcome.self-e3b0c44298fc1c149afbf4c8996fb92427ae41e4649b934ca495991b7852b855.css?body=1" for 49.197.19.146 at 2015-10-27 03:31:43 +0000


Started GET "/assets/application.self-e80e8f2318043e8af94dddc2adad5a4f09739a8ebb323b3ab31cd71d45fd9113.css?body=1" for 49.197.19.146 at 2015-10-27 03:31:43 +0000


Started GET "/assets/jquery.self-a714331225dda820228db323939889f149aec0127aeb06255646b616ba1ca419.js?body=1" for 49.197.19.146 at 2015-10-27 03:31:43 +0000


Started GET "/assets/jquery_ujs.self-d456baa54c1fa6be2ec3711f0a72ddf7a5b2f34a6b4f515f33767d6207b7d4b3.js?body=1" for 49.197.19.146 at 2015-10-27 03:31:43 +0000


Started GET "/assets/turbolinks.self-c37727e9bd6b2735da5c311aa83fead54ed0be6cc8bd9a65309e9c5abe2cbfff.js?body=1" for 49.197.19.146 at 2015-10-27 03:31:43 +0000


Started GET "/assets/welcome.self-877aef30ae1b040ab8a3aba4e3e309a11d7f2612f44dde450b5c157aa5f95c05.js?body=1" for 49.197.19.146 at 2015-10-27 03:31:43 +0000


Started GET "/assets/application.self-3b8dabdc891efe46b9a144b400ad69e37d7e5876bdc39dee783419a69d7ca819.js?body=1" for 49.197.19.146 at 2015-10-27 03:31:43 +0000


Started GET "/about" for 49.197.19.146 at 2015-10-27 03:31:43 +0000

ActionController::RoutingError (No route matches [GET] "/about"):
  actionpack (4.2.4) lib/action_dispatch/middleware/debug_exceptions.rb:21:in `call'
  actionpack (4.2.4) lib/action_dispatch/middleware/show_exceptions.rb:30:in `call'
  railties (4.2.4) lib/rails/rack/logger.rb:38:in `call_app'
  railties (4.2.4) lib/rails/rack/logger.rb:20:in `block in call'
  activesupport (4.2.4) lib/active_support/tagged_logging.rb:68:in `block in tagged'
  activesupport (4.2.4) lib/active_support/tagged_logging.rb:26:in `tagged'
  activesupport (4.2.4) lib/active_support/tagged_logging.rb:68:in `tagged'
  railties (4.2.4) lib/rails/rack/logger.rb:20:in `call'
  actionpack (4.2.4) lib/action_dispatch/middleware/request_id.rb:21:in `call'
  rack (1.6.4) lib/rack/methodoverride.rb:22:in `call'
  rack (1.6.4) lib/rack/runtime.rb:18:in `call'
  activesupport (4.2.4) lib/active_support/cache/strategy/local_cache_middleware.rb:28:in `call'
  rack (1.6.4) lib/rack/lock.rb:17:in `call'
  actionpack (4.2.4) lib/action_dispatch/middleware/static.rb:116:in `call'
  rack (1.6.4) lib/rack/sendfile.rb:113:in `call'
  railties (4.2.4) lib/rails/engine.rb:518:in `call'
  railties (4.2.4) lib/rails/application.rb:165:in `call'
  rack (1.6.4) lib/rack/lock.rb:17:in `call'
  rack (1.6.4) lib/rack/content_length.rb:15:in `call'
  rack (1.6.4) lib/rack/handler/webrick.rb:88:in `service'
  /usr/local/rvm/rubies/ruby-2.2.2/lib/ruby/2.2.0/webrick/httpserver.rb:138:in `service'
  /usr/local/rvm/rubies/ruby-2.2.2/lib/ruby/2.2.0/webrick/httpserver.rb:94:in `run'
  /usr/local/rvm/rubies/ruby-2.2.2/lib/ruby/2.2.0/webrick/server.rb:294:in `block in start_thread'


  Rendered /usr/local/rvm/gems/ruby-2.2.2/gems/actionpack-4.2.4/lib/action_dispatch/middleware/templates/rescues/_trace.html.erb (1.6ms)
  Rendered /usr/local/rvm/gems/ruby-2.2.2/gems/actionpack-4.2.4/lib/action_dispatch/middleware/templates/routes/_route.html.erb (0.9ms)
  Rendered /usr/local/rvm/gems/ruby-2.2.2/gems/actionpack-4.2.4/lib/action_dispatch/middleware/templates/routes/_table.html.erb (15.2ms)
  Rendered /usr/local/rvm/gems/ruby-2.2.2/gems/actionpack-4.2.4/lib/action_dispatch/middleware/templates/rescues/_request_and_response.html.erb (1.9ms)
  Rendered /usr/local/rvm/gems/ruby-2.2.2/gems/actionpack-4.2.4/lib/action_dispatch/middleware/templates/rescues/routing_error.html.erb within rescues/layout (65.1ms)


Started GET "/welcome/about" for 49.197.19.146 at 2015-10-27 03:31:47 +0000
Processing by WelcomeController#about as HTML
  Rendered welcome/about.html.erb within layouts/application (0.4ms)
Completed 200 OK in 34ms (Views: 33.3ms | ActiveRecord: 0.0ms)


Started GET "/assets/jquery.self-a714331225dda820228db323939889f149aec0127aeb06255646b616ba1ca419.js?body=1" for 49.197.19.146 at 2015-10-27 03:31:48 +0000


Started GET "/" for 69.181.65.0 at 2015-10-27 03:32:33 +0000
Processing by WelcomeController#index as HTML
  Rendered welcome/index.html.erb within layouts/application (0.1ms)
Completed 200 OK in 41ms (Views: 40.0ms | ActiveRecord: 0.0ms)


Started GET "/welcome/about" for 69.181.65.0 at 2015-10-27 03:33:28 +0000
Processing by WelcomeController#about as HTML
  Rendered welcome/about.html.erb within layouts/application (0.1ms)
Completed 200 OK in 31ms (Views: 30.3ms | ActiveRecord: 0.0ms)


Started GET "/welcome/about" for 69.181.65.0 at 2015-10-27 03:54:22 +0000
Processing by WelcomeController#about as HTML
  Rendered welcome/about.html.erb within layouts/application (2.1ms)
Completed 200 OK in 258ms (Views: 244.7ms | ActiveRecord: 0.0ms)


Started GET "/fake" for 69.181.65.0 at 2015-10-27 03:55:27 +0000

ActionController::RoutingError (No route matches [GET] "/fake"):
  actionpack (4.2.4) lib/action_dispatch/middleware/debug_exceptions.rb:21:in `call'
  actionpack (4.2.4) lib/action_dispatch/middleware/show_exceptions.rb:30:in `call'
  railties (4.2.4) lib/rails/rack/logger.rb:38:in `call_app'
  railties (4.2.4) lib/rails/rack/logger.rb:20:in `block in call'
  activesupport (4.2.4) lib/active_support/tagged_logging.rb:68:in `block in tagged'
  activesupport (4.2.4) lib/active_support/tagged_logging.rb:26:in `tagged'
  activesupport (4.2.4) lib/active_support/tagged_logging.rb:68:in `tagged'
  railties (4.2.4) lib/rails/rack/logger.rb:20:in `call'
  actionpack (4.2.4) lib/action_dispatch/middleware/request_id.rb:21:in `call'
  rack (1.6.4) lib/rack/methodoverride.rb:22:in `call'
  rack (1.6.4) lib/rack/runtime.rb:18:in `call'
  activesupport (4.2.4) lib/active_support/cache/strategy/local_cache_middleware.rb:28:in `call'
  rack (1.6.4) lib/rack/lock.rb:17:in `call'
  actionpack (4.2.4) lib/action_dispatch/middleware/static.rb:116:in `call'
  rack (1.6.4) lib/rack/sendfile.rb:113:in `call'
  railties (4.2.4) lib/rails/engine.rb:518:in `call'
  railties (4.2.4) lib/rails/application.rb:165:in `call'
  rack (1.6.4) lib/rack/lock.rb:17:in `call'
  rack (1.6.4) lib/rack/content_length.rb:15:in `call'
  rack (1.6.4) lib/rack/handler/webrick.rb:88:in `service'
  /usr/local/rvm/rubies/ruby-2.2.2/lib/ruby/2.2.0/webrick/httpserver.rb:138:in `service'
  /usr/local/rvm/rubies/ruby-2.2.2/lib/ruby/2.2.0/webrick/httpserver.rb:94:in `run'
  /usr/local/rvm/rubies/ruby-2.2.2/lib/ruby/2.2.0/webrick/server.rb:294:in `block in start_thread'


  Rendered /usr/local/rvm/gems/ruby-2.2.2/gems/actionpack-4.2.4/lib/action_dispatch/middleware/templates/rescues/_trace.html.erb (1.0ms)
  Rendered /usr/local/rvm/gems/ruby-2.2.2/gems/actionpack-4.2.4/lib/action_dispatch/middleware/templates/routes/_route.html.erb (0.6ms)
  Rendered /usr/local/rvm/gems/ruby-2.2.2/gems/actionpack-4.2.4/lib/action_dispatch/middleware/templates/routes/_table.html.erb (8.6ms)
  Rendered /usr/local/rvm/gems/ruby-2.2.2/gems/actionpack-4.2.4/lib/action_dispatch/middleware/templates/rescues/_request_and_response.html.erb (1.7ms)
  Rendered /usr/local/rvm/gems/ruby-2.2.2/gems/actionpack-4.2.4/lib/action_dispatch/middleware/templates/rescues/routing_error.html.erb within rescues/layout (42.4ms)


Started GET "/" for 69.181.65.0 at 2015-10-27 16:34:59 +0000
Processing by WelcomeController#contact as HTML
  Rendered welcome/contact.html.erb within layouts/application (2.2ms)
Completed 200 OK in 212ms (Views: 204.4ms | ActiveRecord: 0.0ms)


Started GET "/" for 69.181.65.0 at 2015-10-27 18:27:12 +0000
Processing by WelcomeController#contact as HTML
  Rendered welcome/contact.html.erb within layouts/application (0.4ms)
Completed 200 OK in 46ms (Views: 44.8ms | ActiveRecord: 0.0ms)


Started GET "/" for 69.181.65.0 at 2015-10-27 18:44:41 +0000
Processing by WelcomeController#faq as HTML
  Rendered welcome/faq.html.erb within layouts/application (1.6ms)
Completed 200 OK in 232ms (Views: 221.0ms | ActiveRecord: 0.0ms)


Started GET "/" for 69.181.65.0 at 2015-10-29 02:54:55 +0000
Processing by WelcomeController#index as HTML
  Rendered welcome/index.html.erb within layouts/application (2.1ms)
Completed 200 OK in 303ms (Views: 290.7ms | ActiveRecord: 0.0ms)


Started GET "/welcome/about" for 69.181.65.0 at 2015-10-29 02:54:59 +0000
Processing by WelcomeController#about as HTML
  Rendered welcome/about.html.erb within layouts/application (0.4ms)
Completed 200 OK in 73ms (Views: 72.3ms | ActiveRecord: 0.0ms)


Started OPTIONS "/welcome/about" for 69.181.65.0 at 2015-10-29 02:55:32 +0000

ActionController::RoutingError (No route matches [OPTIONS] "/welcome/about"):
  actionpack (4.2.4) lib/action_dispatch/middleware/debug_exceptions.rb:21:in `call'
  actionpack (4.2.4) lib/action_dispatch/middleware/show_exceptions.rb:30:in `call'
  railties (4.2.4) lib/rails/rack/logger.rb:38:in `call_app'
  railties (4.2.4) lib/rails/rack/logger.rb:20:in `block in call'
  activesupport (4.2.4) lib/active_support/tagged_logging.rb:68:in `block in tagged'
  activesupport (4.2.4) lib/active_support/tagged_logging.rb:26:in `tagged'
  activesupport (4.2.4) lib/active_support/tagged_logging.rb:68:in `tagged'
  railties (4.2.4) lib/rails/rack/logger.rb:20:in `call'
  actionpack (4.2.4) lib/action_dispatch/middleware/request_id.rb:21:in `call'
  rack (1.6.4) lib/rack/methodoverride.rb:22:in `call'
  rack (1.6.4) lib/rack/runtime.rb:18:in `call'
  activesupport (4.2.4) lib/active_support/cache/strategy/local_cache_middleware.rb:28:in `call'
  rack (1.6.4) lib/rack/lock.rb:17:in `call'
  actionpack (4.2.4) lib/action_dispatch/middleware/static.rb:116:in `call'
  rack (1.6.4) lib/rack/sendfile.rb:113:in `call'
  railties (4.2.4) lib/rails/engine.rb:518:in `call'
  railties (4.2.4) lib/rails/application.rb:165:in `call'
  rack (1.6.4) lib/rack/lock.rb:17:in `call'
  rack (1.6.4) lib/rack/content_length.rb:15:in `call'
  rack (1.6.4) lib/rack/handler/webrick.rb:88:in `service'
  /usr/local/rvm/rubies/ruby-2.2.2/lib/ruby/2.2.0/webrick/httpserver.rb:138:in `service'
  /usr/local/rvm/rubies/ruby-2.2.2/lib/ruby/2.2.0/webrick/httpserver.rb:94:in `run'
  /usr/local/rvm/rubies/ruby-2.2.2/lib/ruby/2.2.0/webrick/server.rb:294:in `block in start_thread'


  Rendered /usr/local/rvm/gems/ruby-2.2.2/gems/actionpack-4.2.4/lib/action_dispatch/middleware/templates/rescues/_trace.html.erb (3.0ms)
  Rendered /usr/local/rvm/gems/ruby-2.2.2/gems/actionpack-4.2.4/lib/action_dispatch/middleware/templates/routes/_route.html.erb (1.4ms)
  Rendered /usr/local/rvm/gems/ruby-2.2.2/gems/actionpack-4.2.4/lib/action_dispatch/middleware/templates/routes/_table.html.erb (18.5ms)
  Rendered /usr/local/rvm/gems/ruby-2.2.2/gems/actionpack-4.2.4/lib/action_dispatch/middleware/templates/rescues/_request_and_response.html.erb (1.3ms)
  Rendered /usr/local/rvm/gems/ruby-2.2.2/gems/actionpack-4.2.4/lib/action_dispatch/middleware/templates/rescues/routing_error.html.erb within rescues/layout (83.8ms)


Started GET "/welcome/about" for 69.181.65.0 at 2015-10-29 02:55:32 +0000
Processing by WelcomeController#about as HTML
  Rendered welcome/about.html.erb within layouts/application (0.6ms)
Completed 200 OK in 154ms (Views: 153.2ms | ActiveRecord: 0.0ms)


Started GET "/" for 69.181.65.0 at 2015-10-29 02:55:43 +0000
Processing by WelcomeController#index as HTML
  Rendered welcome/index.html.erb within layouts/application (0.1ms)
Completed 200 OK in 108ms (Views: 106.2ms | ActiveRecord: 0.0ms)


Started GET "/" for 69.181.65.0 at 2015-10-29 02:55:47 +0000
Processing by WelcomeController#index as HTML
  Rendered welcome/index.html.erb within layouts/application (0.0ms)
Completed 200 OK in 75ms (Views: 74.3ms | ActiveRecord: 0.0ms)


Started GET "/welcome/about" for 69.181.65.0 at 2015-10-29 02:55:50 +0000
Processing by WelcomeController#about as HTML
  Rendered welcome/about.html.erb within layouts/application (0.1ms)
Completed 200 OK in 67ms (Views: 66.1ms | ActiveRecord: 0.0ms)


Started GET "/" for 69.181.65.0 at 2015-10-29 02:57:57 +0000
Processing by WelcomeController#index as HTML
  Rendered welcome/index.html.erb within layouts/application (0.0ms)
Completed 200 OK in 86ms (Views: 84.7ms | ActiveRecord: 0.0ms)


Started GET "/" for 69.181.65.0 at 2015-10-29 02:58:03 +0000
Processing by WelcomeController#index as HTML
  Rendered welcome/index.html.erb within layouts/application (0.0ms)
Completed 200 OK in 93ms (Views: 92.6ms | ActiveRecord: 0.0ms)


Started GET "/welcome/about" for 69.181.65.0 at 2015-10-29 02:58:05 +0000
Processing by WelcomeController#about as HTML
  Rendered welcome/about.html.erb within layouts/application (0.5ms)
Completed 200 OK in 78ms (Views: 77.3ms | ActiveRecord: 0.0ms)


Started GET "/" for 69.181.65.0 at 2015-10-29 02:59:09 +0000
Processing by WelcomeController#index as HTML
  Rendered welcome/index.html.erb within layouts/application (0.1ms)
Completed 200 OK in 101ms (Views: 100.3ms | ActiveRecord: 0.0ms)


Started GET "/" for 69.181.65.0 at 2015-10-29 02:59:14 +0000
Processing by WelcomeController#index as HTML
  Rendered welcome/index.html.erb within layouts/application (0.0ms)
Completed 200 OK in 81ms (Views: 80.2ms | ActiveRecord: 0.0ms)


Started GET "/welcome/about" for 69.181.65.0 at 2015-10-29 02:59:16 +0000
Processing by WelcomeController#about as HTML
  Rendered welcome/about.html.erb within layouts/application (0.1ms)
Completed 200 OK in 73ms (Views: 72.6ms | ActiveRecord: 0.0ms)


Started GET "/" for 69.181.65.0 at 2015-10-29 02:59:38 +0000
Processing by WelcomeController#index as HTML
  Rendered welcome/index.html.erb within layouts/application (0.0ms)
Completed 200 OK in 73ms (Views: 72.5ms | ActiveRecord: 0.0ms)
